<?xml version="1.0" encoding="UTF-8"?>
<testsuite xmlns:xsi="http://www.w3.org/2001/XMLSchema-instance" xsi:noNamespaceSchemaLocation="https://maven.apache.org/surefire/maven-surefire-plugin/xsd/surefire-test-report.xsd" name="api.automation.restfulbooker.test.BookingTests" time="39.5" tests="3" errors="0" skipped="0" failures="0">
  <properties>
    <property name="sun.desktop" value="gnome"/>
    <property name="awt.toolkit" value="sun.awt.X11.XToolkit"/>
    <property name="java.specification.version" value="11"/>
    <property name="sun.cpu.isalist" value=""/>
    <property name="sun.jnu.encoding" value="UTF-8"/>
    <property name="java.class.path" value="/home/melissa/workspace/api-automation-restful-booker/target/test-classes:/home/melissa/workspace/api-automation-restful-booker/target/classes:/home/melissa/.m2/repository/io/rest-assured/rest-assured/4.5.1/rest-assured-4.5.1.jar:/home/melissa/.m2/repository/org/codehaus/groovy/groovy/3.0.9/groovy-3.0.9.jar:/home/melissa/.m2/repository/org/codehaus/groovy/groovy-xml/3.0.9/groovy-xml-3.0.9.jar:/home/melissa/.m2/repository/org/apache/httpcomponents/httpclient/4.5.13/httpclient-4.5.13.jar:/home/melissa/.m2/repository/org/apache/httpcomponents/httpcore/4.4.13/httpcore-4.4.13.jar:/home/melissa/.m2/repository/commons-logging/commons-logging/1.2/commons-logging-1.2.jar:/home/melissa/.m2/repository/commons-codec/commons-codec/1.11/commons-codec-1.11.jar:/home/melissa/.m2/repository/org/apache/httpcomponents/httpmime/4.5.13/httpmime-4.5.13.jar:/home/melissa/.m2/repository/org/hamcrest/hamcrest/2.1/hamcrest-2.1.jar:/home/melissa/.m2/repository/org/ccil/cowan/tagsoup/tagsoup/1.2.1/tagsoup-1.2.1.jar:/home/melissa/.m2/repository/io/rest-assured/xml-path/4.5.1/xml-path-4.5.1.jar:/home/melissa/.m2/repository/io/rest-assured/json-path/4.5.1/json-path-4.5.1.jar:/home/melissa/.m2/repository/org/codehaus/groovy/groovy-json/3.0.9/groovy-json-3.0.9.jar:/home/melissa/.m2/repository/io/rest-assured/rest-assured-common/4.5.1/rest-assured-common-4.5.1.jar:/home/melissa/.m2/repository/io/rest-assured/json-schema-validator/4.5.1/json-schema-validator-4.5.1.jar:/home/melissa/.m2/repository/com/github/java-json-tools/json-schema-validator/2.2.14/json-schema-validator-2.2.14.jar:/home/melissa/.m2/repository/com/google/guava/guava/28.2-android/guava-28.2-android.jar:/home/melissa/.m2/repository/com/google/guava/failureaccess/1.0.1/failureaccess-1.0.1.jar:/home/melissa/.m2/repository/com/google/guava/listenablefuture/9999.0-empty-to-avoid-conflict-with-guava/listenablefuture-9999.0-empty-to-avoid-conflict-with-guava.jar:/home/melissa/.m2/repository/org/checkerframework/checker-compat-qual/2.5.5/checker-compat-qual-2.5.5.jar:/home/melissa/.m2/repository/com/google/errorprone/error_prone_annotations/2.3.4/error_prone_annotations-2.3.4.jar:/home/melissa/.m2/repository/com/google/j2objc/j2objc-annotations/1.3/j2objc-annotations-1.3.jar:/home/melissa/.m2/repository/com/github/java-json-tools/jackson-coreutils-equivalence/1.0/jackson-coreutils-equivalence-1.0.jar:/home/melissa/.m2/repository/com/fasterxml/jackson/core/jackson-databind/2.11.0/jackson-databind-2.11.0.jar:/home/melissa/.m2/repository/com/fasterxml/jackson/core/jackson-annotations/2.11.0/jackson-annotations-2.11.0.jar:/home/melissa/.m2/repository/com/fasterxml/jackson/core/jackson-core/2.11.0/jackson-core-2.11.0.jar:/home/melissa/.m2/repository/com/github/java-json-tools/jackson-coreutils/2.0/jackson-coreutils-2.0.jar:/home/melissa/.m2/repository/com/github/java-json-tools/msg-simple/1.2/msg-simple-1.2.jar:/home/melissa/.m2/repository/com/github/java-json-tools/btf/1.3/btf-1.3.jar:/home/melissa/.m2/repository/com/github/java-json-tools/json-schema-core/1.2.14/json-schema-core-1.2.14.jar:/home/melissa/.m2/repository/com/github/java-json-tools/uri-template/0.10/uri-template-0.10.jar:/home/melissa/.m2/repository/org/mozilla/rhino/1.7.7.2/rhino-1.7.7.2.jar:/home/melissa/.m2/repository/com/sun/mail/mailapi/1.6.2/mailapi-1.6.2.jar:/home/melissa/.m2/repository/joda-time/joda-time/2.10.5/joda-time-2.10.5.jar:/home/melissa/.m2/repository/com/googlecode/libphonenumber/libphonenumber/8.11.1/libphonenumber-8.11.1.jar:/home/melissa/.m2/repository/com/google/code/findbugs/jsr305/3.0.2/jsr305-3.0.2.jar:/home/melissa/.m2/repository/net/sf/jopt-simple/jopt-simple/5.0.4/jopt-simple-5.0.4.jar:/home/melissa/.m2/repository/org/junit/jupiter/junit-jupiter-engine/5.9.0/junit-jupiter-engine-5.9.0.jar:/home/melissa/.m2/repository/org/junit/platform/junit-platform-engine/1.9.0/junit-platform-engine-1.9.0.jar:/home/melissa/.m2/repository/org/opentest4j/opentest4j/1.2.0/opentest4j-1.2.0.jar:/home/melissa/.m2/repository/org/junit/platform/junit-platform-commons/1.9.0/junit-platform-commons-1.9.0.jar:/home/melissa/.m2/repository/org/junit/jupiter/junit-jupiter-api/5.9.0/junit-jupiter-api-5.9.0.jar:/home/melissa/.m2/repository/org/apiguardian/apiguardian-api/1.1.2/apiguardian-api-1.1.2.jar:/home/melissa/.m2/repository/org/junit/platform/junit-platform-runner/1.9.0/junit-platform-runner-1.9.0.jar:/home/melissa/.m2/repository/junit/junit/4.13.2/junit-4.13.2.jar:/home/melissa/.m2/repository/org/hamcrest/hamcrest-core/1.3/hamcrest-core-1.3.jar:/home/melissa/.m2/repository/org/junit/platform/junit-platform-launcher/1.9.0/junit-platform-launcher-1.9.0.jar:/home/melissa/.m2/repository/org/junit/platform/junit-platform-suite-api/1.9.0/junit-platform-suite-api-1.9.0.jar:/home/melissa/.m2/repository/org/junit/platform/junit-platform-suite-commons/1.9.0/junit-platform-suite-commons-1.9.0.jar:/home/melissa/.m2/repository/com/github/javafaker/javafaker/1.0.2/javafaker-1.0.2.jar:/home/melissa/.m2/repository/org/apache/commons/commons-lang3/3.5/commons-lang3-3.5.jar:/home/melissa/.m2/repository/org/yaml/snakeyaml/1.23/snakeyaml-1.23-android.jar:/home/melissa/.m2/repository/com/github/mifmif/generex/1.0.2/generex-1.0.2.jar:/home/melissa/.m2/repository/dk/brics/automaton/automaton/1.11-8/automaton-1.11-8.jar:/home/melissa/.m2/repository/org/slf4j/slf4j-simple/2.0.1/slf4j-simple-2.0.1.jar:/home/melissa/.m2/repository/org/slf4j/slf4j-api/2.0.1/slf4j-api-2.0.1.jar:/home/melissa/.m2/repository/io/qameta/allure/allure-junit5/2.19.0/allure-junit5-2.19.0.jar:/home/melissa/.m2/repository/io/qameta/allure/allure-junit-platform/2.19.0/allure-junit-platform-2.19.0.jar:/home/melissa/.m2/repository/io/qameta/allure/allure-java-commons/2.19.0/allure-java-commons-2.19.0.jar:/home/melissa/.m2/repository/io/qameta/allure/allure-model/2.19.0/allure-model-2.19.0.jar:/home/melissa/.m2/repository/io/qameta/allure/allure-test-filter/2.19.0/allure-test-filter-2.19.0.jar:"/>
    <property name="java.vm.vendor" value="Ubuntu"/>
    <property name="sun.arch.data.model" value="64"/>
    <property name="java.vendor.url" value="https://ubuntu.com/"/>
    <property name="user.timezone" value="America/Fortaleza"/>
    <property name="java.vm.specification.version" value="11"/>
    <property name="os.name" value="Linux"/>
    <property name="sun.java.launcher" value="SUN_STANDARD"/>
    <property name="user.country" value="BR"/>
    <property name="sun.boot.library.path" value="/usr/lib/jvm/java-11-openjdk-amd64/lib"/>
    <property name="sun.java.command" value="/home/melissa/workspace/api-automation-restful-booker/target/surefire/surefirebooter2850746582597530471.jar /home/melissa/workspace/api-automation-restful-booker/target/surefire 2023-01-15T10-36-08_027-jvmRun1 surefire3115082127981674764tmp surefire_015201718273275096159tmp"/>
    <property name="jdk.debug" value="release"/>
    <property name="surefire.test.class.path" value="/home/melissa/workspace/api-automation-restful-booker/target/test-classes:/home/melissa/workspace/api-automation-restful-booker/target/classes:/home/melissa/.m2/repository/io/rest-assured/rest-assured/4.5.1/rest-assured-4.5.1.jar:/home/melissa/.m2/repository/org/codehaus/groovy/groovy/3.0.9/groovy-3.0.9.jar:/home/melissa/.m2/repository/org/codehaus/groovy/groovy-xml/3.0.9/groovy-xml-3.0.9.jar:/home/melissa/.m2/repository/org/apache/httpcomponents/httpclient/4.5.13/httpclient-4.5.13.jar:/home/melissa/.m2/repository/org/apache/httpcomponents/httpcore/4.4.13/httpcore-4.4.13.jar:/home/melissa/.m2/repository/commons-logging/commons-logging/1.2/commons-logging-1.2.jar:/home/melissa/.m2/repository/commons-codec/commons-codec/1.11/commons-codec-1.11.jar:/home/melissa/.m2/repository/org/apache/httpcomponents/httpmime/4.5.13/httpmime-4.5.13.jar:/home/melissa/.m2/repository/org/hamcrest/hamcrest/2.1/hamcrest-2.1.jar:/home/melissa/.m2/repository/org/ccil/cowan/tagsoup/tagsoup/1.2.1/tagsoup-1.2.1.jar:/home/melissa/.m2/repository/io/rest-assured/xml-path/4.5.1/xml-path-4.5.1.jar:/home/melissa/.m2/repository/io/rest-assured/json-path/4.5.1/json-path-4.5.1.jar:/home/melissa/.m2/repository/org/codehaus/groovy/groovy-json/3.0.9/groovy-json-3.0.9.jar:/home/melissa/.m2/repository/io/rest-assured/rest-assured-common/4.5.1/rest-assured-common-4.5.1.jar:/home/melissa/.m2/repository/io/rest-assured/json-schema-validator/4.5.1/json-schema-validator-4.5.1.jar:/home/melissa/.m2/repository/com/github/java-json-tools/json-schema-validator/2.2.14/json-schema-validator-2.2.14.jar:/home/melissa/.m2/repository/com/google/guava/guava/28.2-android/guava-28.2-android.jar:/home/melissa/.m2/repository/com/google/guava/failureaccess/1.0.1/failureaccess-1.0.1.jar:/home/melissa/.m2/repository/com/google/guava/listenablefuture/9999.0-empty-to-avoid-conflict-with-guava/listenablefuture-9999.0-empty-to-avoid-conflict-with-guava.jar:/home/melissa/.m2/repository/org/checkerframework/checker-compat-qual/2.5.5/checker-compat-qual-2.5.5.jar:/home/melissa/.m2/repository/com/google/errorprone/error_prone_annotations/2.3.4/error_prone_annotations-2.3.4.jar:/home/melissa/.m2/repository/com/google/j2objc/j2objc-annotations/1.3/j2objc-annotations-1.3.jar:/home/melissa/.m2/repository/com/github/java-json-tools/jackson-coreutils-equivalence/1.0/jackson-coreutils-equivalence-1.0.jar:/home/melissa/.m2/repository/com/fasterxml/jackson/core/jackson-databind/2.11.0/jackson-databind-2.11.0.jar:/home/melissa/.m2/repository/com/fasterxml/jackson/core/jackson-annotations/2.11.0/jackson-annotations-2.11.0.jar:/home/melissa/.m2/repository/com/fasterxml/jackson/core/jackson-core/2.11.0/jackson-core-2.11.0.jar:/home/melissa/.m2/repository/com/github/java-json-tools/jackson-coreutils/2.0/jackson-coreutils-2.0.jar:/home/melissa/.m2/repository/com/github/java-json-tools/msg-simple/1.2/msg-simple-1.2.jar:/home/melissa/.m2/repository/com/github/java-json-tools/btf/1.3/btf-1.3.jar:/home/melissa/.m2/repository/com/github/java-json-tools/json-schema-core/1.2.14/json-schema-core-1.2.14.jar:/home/melissa/.m2/repository/com/github/java-json-tools/uri-template/0.10/uri-template-0.10.jar:/home/melissa/.m2/repository/org/mozilla/rhino/1.7.7.2/rhino-1.7.7.2.jar:/home/melissa/.m2/repository/com/sun/mail/mailapi/1.6.2/mailapi-1.6.2.jar:/home/melissa/.m2/repository/joda-time/joda-time/2.10.5/joda-time-2.10.5.jar:/home/melissa/.m2/repository/com/googlecode/libphonenumber/libphonenumber/8.11.1/libphonenumber-8.11.1.jar:/home/melissa/.m2/repository/com/google/code/findbugs/jsr305/3.0.2/jsr305-3.0.2.jar:/home/melissa/.m2/repository/net/sf/jopt-simple/jopt-simple/5.0.4/jopt-simple-5.0.4.jar:/home/melissa/.m2/repository/org/junit/jupiter/junit-jupiter-engine/5.9.0/junit-jupiter-engine-5.9.0.jar:/home/melissa/.m2/repository/org/junit/platform/junit-platform-engine/1.9.0/junit-platform-engine-1.9.0.jar:/home/melissa/.m2/repository/org/opentest4j/opentest4j/1.2.0/opentest4j-1.2.0.jar:/home/melissa/.m2/repository/org/junit/platform/junit-platform-commons/1.9.0/junit-platform-commons-1.9.0.jar:/home/melissa/.m2/repository/org/junit/jupiter/junit-jupiter-api/5.9.0/junit-jupiter-api-5.9.0.jar:/home/melissa/.m2/repository/org/apiguardian/apiguardian-api/1.1.2/apiguardian-api-1.1.2.jar:/home/melissa/.m2/repository/org/junit/platform/junit-platform-runner/1.9.0/junit-platform-runner-1.9.0.jar:/home/melissa/.m2/repository/junit/junit/4.13.2/junit-4.13.2.jar:/home/melissa/.m2/repository/org/hamcrest/hamcrest-core/1.3/hamcrest-core-1.3.jar:/home/melissa/.m2/repository/org/junit/platform/junit-platform-launcher/1.9.0/junit-platform-launcher-1.9.0.jar:/home/melissa/.m2/repository/org/junit/platform/junit-platform-suite-api/1.9.0/junit-platform-suite-api-1.9.0.jar:/home/melissa/.m2/repository/org/junit/platform/junit-platform-suite-commons/1.9.0/junit-platform-suite-commons-1.9.0.jar:/home/melissa/.m2/repository/com/github/javafaker/javafaker/1.0.2/javafaker-1.0.2.jar:/home/melissa/.m2/repository/org/apache/commons/commons-lang3/3.5/commons-lang3-3.5.jar:/home/melissa/.m2/repository/org/yaml/snakeyaml/1.23/snakeyaml-1.23-android.jar:/home/melissa/.m2/repository/com/github/mifmif/generex/1.0.2/generex-1.0.2.jar:/home/melissa/.m2/repository/dk/brics/automaton/automaton/1.11-8/automaton-1.11-8.jar:/home/melissa/.m2/repository/org/slf4j/slf4j-simple/2.0.1/slf4j-simple-2.0.1.jar:/home/melissa/.m2/repository/org/slf4j/slf4j-api/2.0.1/slf4j-api-2.0.1.jar:/home/melissa/.m2/repository/io/qameta/allure/allure-junit5/2.19.0/allure-junit5-2.19.0.jar:/home/melissa/.m2/repository/io/qameta/allure/allure-junit-platform/2.19.0/allure-junit-platform-2.19.0.jar:/home/melissa/.m2/repository/io/qameta/allure/allure-java-commons/2.19.0/allure-java-commons-2.19.0.jar:/home/melissa/.m2/repository/io/qameta/allure/allure-model/2.19.0/allure-model-2.19.0.jar:/home/melissa/.m2/repository/io/qameta/allure/allure-test-filter/2.19.0/allure-test-filter-2.19.0.jar:"/>
    <property name="allure.results.directory" value="/home/melissa/workspace/api-automation-restful-booker/target/allure-results"/>
    <property name="sun.cpu.endian" value="little"/>
    <property name="user.home" value="/home/melissa"/>
    <property name="user.language" value="pt"/>
    <property name="java.specification.vendor" value="Oracle Corporation"/>
    <property name="java.version.date" value="2022-10-18"/>
    <property name="java.home" value="/usr/lib/jvm/java-11-openjdk-amd64"/>
    <property name="file.separator" value="/"/>
    <property name="basedir" value="/home/melissa/workspace/api-automation-restful-booker"/>
    <property name="java.vm.compressedOopsMode" value="32-bit"/>
    <property name="line.separator" value="&#10;"/>
    <property name="java.specification.name" value="Java Platform API Specification"/>
    <property name="java.vm.specification.vendor" value="Oracle Corporation"/>
    <property name="java.awt.graphicsenv" value="sun.awt.X11GraphicsEnvironment"/>
    <property name="surefire.real.class.path" value="/home/melissa/workspace/api-automation-restful-booker/target/surefire/surefirebooter2850746582597530471.jar"/>
    <property name="sun.management.compiler" value="HotSpot 64-Bit Tiered Compilers"/>
    <property name="java.runtime.version" value="11.0.17+8-post-Ubuntu-1ubuntu218.04"/>
    <property name="user.name" value="melissa"/>
    <property name="path.separator" value=":"/>
    <property name="os.version" value="4.15.0-20-generic"/>
    <property name="java.runtime.name" value="OpenJDK Runtime Environment"/>
    <property name="file.encoding" value="UTF-8"/>
    <property name="junit.jupiter.execution.parallel.config.strategy" value="dynamic"/>
    <property name="java.vm.name" value="OpenJDK 64-Bit Server VM"/>
    <property name="junit.jupiter.execution.parallel.enabled" value="true"/>
    <property name="localRepository" value="/home/melissa/.m2/repository"/>
    <property name="java.vendor.url.bug" value="https://bugs.launchpad.net/ubuntu/+source/openjdk-lts"/>
    <property name="java.io.tmpdir" value="/tmp"/>
    <property name="java.version" value="11.0.17"/>
    <property name="user.dir" value="/home/melissa/workspace/api-automation-restful-booker"/>
    <property name="os.arch" value="amd64"/>
    <property name="java.vm.specification.name" value="Java Virtual Machine Specification"/>
    <property name="java.awt.printerjob" value="sun.print.PSPrinterJob"/>
    <property name="sun.os.patch.level" value="unknown"/>
    <property name="java.library.path" value="/usr/java/packages/lib:/usr/lib/x86_64-linux-gnu/jni:/lib/x86_64-linux-gnu:/usr/lib/x86_64-linux-gnu:/usr/lib/jni:/lib:/usr/lib"/>
    <property name="junit.jupiter.extensions.autodetection.enabled" value="true"/>
    <property name="java.vm.info" value="mixed mode, sharing"/>
    <property name="java.vendor" value="Ubuntu"/>
    <property name="java.vm.version" value="11.0.17+8-post-Ubuntu-1ubuntu218.04"/>
    <property name="sun.io.unicode.encoding" value="UnicodeLittle"/>
    <property name="java.class.version" value="55.0"/>
  </properties>
  <testcase name="getAllBookingsByUserFirstName_BookingExists_returnOk" classname="api.automation.restfulbooker.test.BookingTests" time="12.141"/>
  <testcase name="getAllBookingsById_returnOk" classname="api.automation.restfulbooker.test.BookingTests" time="13.67"/>
  <testcase name="CreateBooking_WithValidData_returnOk" classname="api.automation.restfulbooker.test.BookingTests" time="8.827"/>
</testsuite>